Using pre-set license
Built from '2022.3/staging' branch; Version is '2022.3.16f1 (d2c21f0ef2f1) revision 13812255'; Using compiler version '192829333'; Build Type 'Release'
OS: 'Windows 10  (10.0.19045) 64bit Enterprise' Language: 'en' Physical Memory: 16314 MB
BatchMode: 1, IsHumanControllingUs: 0, StartBugReporterOnCrash: 0, Is64bit: 1, IsPro: 1

COMMAND LINE ARGUMENTS:
C:\Program Files\Unity\Hub\Editor\2022.3.16f1\Editor\Unity.exe
-adb2
-batchMode
-noUpm
-name
AssetImportWorker2
-projectPath
C:/dev/repo/theCrusader/theCrusader
-logFile
Logs/AssetImportWorker2.log
-srvPort
49959
Successfully changed project path to: C:/dev/repo/theCrusader/theCrusader
C:/dev/repo/theCrusader/theCrusader
[UnityMemory] Configuration Parameters - Can be set up in boot.config
    "memorysetup-bucket-allocator-granularity=16"
    "memorysetup-bucket-allocator-bucket-count=8"
    "memorysetup-bucket-allocator-block-size=33554432"
    "memorysetup-bucket-allocator-block-count=8"
    "memorysetup-main-allocator-block-size=16777216"
    "memorysetup-thread-allocator-block-size=16777216"
    "memorysetup-gfx-main-allocator-block-size=16777216"
    "memorysetup-gfx-thread-allocator-block-size=16777216"
    "memorysetup-cache-allocator-block-size=4194304"
    "memorysetup-typetree-allocator-block-size=2097152"
    "memorysetup-profiler-bucket-allocator-granularity=16"
    "memorysetup-profiler-bucket-allocator-bucket-count=8"
    "memorysetup-profiler-bucket-allocator-block-size=33554432"
    "memorysetup-profiler-bucket-allocator-block-count=8"
    "memorysetup-profiler-allocator-block-size=16777216"
    "memorysetup-profiler-editor-allocator-block-size=1048576"
    "memorysetup-temp-allocator-size-main=16777216"
    "memorysetup-job-temp-allocator-block-size=2097152"
    "memorysetup-job-temp-allocator-block-size-background=1048576"
    "memorysetup-job-temp-allocator-reduction-small-platforms=262144"
    "memorysetup-allocator-temp-initial-block-size-main=262144"
    "memorysetup-allocator-temp-initial-block-size-worker=262144"
    "memorysetup-temp-allocator-size-background-worker=32768"
    "memorysetup-temp-allocator-size-job-worker=262144"
    "memorysetup-temp-allocator-size-preload-manager=33554432"
    "memorysetup-temp-allocator-size-nav-mesh-worker=65536"
    "memorysetup-temp-allocator-size-audio-worker=65536"
    "memorysetup-temp-allocator-size-cloud-worker=32768"
    "memorysetup-temp-allocator-size-gi-baking-worker=262144"
    "memorysetup-temp-allocator-size-gfx=262144"
Player connection [28684] Host "[IP] 192.168.0.105 [Port] 0 [Flags] 2 [Guid] 3223843697 [EditorId] 3223843697 [Version] 1048832 [Id] WindowsEditor(7,DESKTOP-QTBMBEQ) [Debug] 1 [PackageName] WindowsEditor [ProjectName] Editor" joined multi-casting on [225.0.0.222:54997]...

Player connection [28684] Host "[IP] 192.168.0.105 [Port] 0 [Flags] 2 [Guid] 3223843697 [EditorId] 3223843697 [Version] 1048832 [Id] WindowsEditor(7,DESKTOP-QTBMBEQ) [Debug] 1 [PackageName] WindowsEditor [ProjectName] Editor" joined alternative multi-casting on [225.0.0.222:34997]...

[Physics::Module] Initialized MultithreadedJobDispatcher with 11 workers.
Refreshing native plugins compatible for Editor in 317.64 ms, found 3 plugins.
Preloading 0 native plugins for Editor in 0.00 ms.
Initialize engine version: 2022.3.16f1 (d2c21f0ef2f1)
[Subsystems] Discovering subsystems at path C:/Program Files/Unity/Hub/Editor/2022.3.16f1/Editor/Data/Resources/UnitySubsystems
[Subsystems] Discovering subsystems at path C:/dev/repo/theCrusader/theCrusader/Assets
GfxDevice: creating device client; threaded=0; jobified=0
Direct3D:
    Version:  Direct3D 11.0 [level 11.1]
    Renderer: NVIDIA GeForce GTX 1050 Ti (ID=0x1c82)
    Vendor:   NVIDIA
    VRAM:     4017 MB
    Driver:   31.0.15.4665
Initialize mono
Mono path[0] = 'C:/Program Files/Unity/Hub/Editor/2022.3.16f1/Editor/Data/Managed'
Mono path[1] = 'C:/Program Files/Unity/Hub/Editor/2022.3.16f1/Editor/Data/MonoBleedingEdge/lib/mono/unityjit-win32'
Mono config path = 'C:/Program Files/Unity/Hub/Editor/2022.3.16f1/Editor/Data/MonoBleedingEdge/etc'
Using monoOptions --debugger-agent=transport=dt_socket,embedding=1,server=y,suspend=n,address=127.0.0.1:56624
Begin MonoManager ReloadAssembly
Registering precompiled unity dll's ...
Register platform support module: C:/Program Files/Unity/Hub/Editor/2022.3.16f1/Editor/Data/PlaybackEngines/WebGLSupport/UnityEditor.WebGL.Extensions.dll
Register platform support module: C:/Program Files/Unity/Hub/Editor/2022.3.16f1/Editor/Data/PlaybackEngines/AndroidPlayer/UnityEditor.Android.Extensions.dll
Register platform support module: C:/Program Files/Unity/Hub/Editor/2022.3.16f1/Editor/Data/PlaybackEngines/iOSSupport/UnityEditor.iOS.Extensions.dll
Register platform support module: C:/Program Files/Unity/Hub/Editor/2022.3.16f1/Editor/Data/PlaybackEngines/WindowsStandaloneSupport/UnityEditor.WindowsStandalone.Extensions.dll
Registered in 0.073384 seconds.
- Loaded All Assemblies, in  0.793 seconds
Native extension for WindowsStandalone target not found
[usbmuxd] Start listen thread
[usbmuxd] Listen thread started
Native extension for iOS target not found
Native extension for Android target not found
Android Extension - Scanning For ADB Devices 429 ms
Native extension for WebGL target not found
Mono: successfully reloaded assembly
- Finished resetting the current domain, in  0.938 seconds
Domain Reload Profiling: 1718ms
	BeginReloadAssembly (227ms)
		ExecutionOrderSort (0ms)
		DisableScriptedObjects (0ms)
		BackupInstance (0ms)
		ReleaseScriptingObjects (0ms)
		CreateAndSetChildDomain (1ms)
	RebuildCommonClasses (53ms)
	RebuildNativeTypeToScriptingClass (15ms)
	initialDomainReloadingComplete (180ms)
	LoadAllAssembliesAndSetupDomain (305ms)
		LoadAssemblies (220ms)
		RebuildTransferFunctionScriptingTraits (0ms)
		AnalyzeDomain (298ms)
			TypeCache.Refresh (296ms)
				TypeCache.ScanAssembly (276ms)
			ScanForSourceGeneratedMonoScriptInfo (0ms)
			ResolveRequiredComponents (1ms)
	FinalizeReload (938ms)
		ReleaseScriptCaches (0ms)
		RebuildScriptCaches (0ms)
		SetupLoadedEditorAssemblies (861ms)
			LogAssemblyErrors (0ms)
			InitializePlatformSupportModulesInManaged (636ms)
			SetLoadedEditorAssemblies (4ms)
			RefreshPlugins (0ms)
			BeforeProcessingInitializeOnLoad (3ms)
			ProcessInitializeOnLoadAttributes (148ms)
			ProcessInitializeOnLoadMethodAttributes (70ms)
			AfterProcessingInitializeOnLoad (0ms)
			EditorAssembliesLoaded (0ms)
		ExecutionOrderSort2 (0ms)
		AwakeInstancesAfterBackupRestoration (0ms)
========================================================================
Worker process is ready to serve import requests
Begin MonoManager ReloadAssembly
- Loaded All Assemblies, in  1.440 seconds
Refreshing native plugins compatible for Editor in 13.38 ms, found 3 plugins.
Native extension for WindowsStandalone target not found
Native extension for iOS target not found
Native extension for Android target not found
Native extension for WebGL target not found
Package Manager log level set to [2]
[Package Manager] Server::EnsureServerProcessIsRunning -- launch failed, reason: Unity was launched with the -noUpm command-line argument
[Package Manager] UpmClient::Send -- Unable to send message (not connected to UPM process).
[Package Manager] Cannot connect to Unity Package Manager local server
Mono: successfully reloaded assembly
- Finished resetting the current domain, in  1.015 seconds
Domain Reload Profiling: 2433ms
	BeginReloadAssembly (279ms)
		ExecutionOrderSort (0ms)
		DisableScriptedObjects (8ms)
		BackupInstance (0ms)
		ReleaseScriptingObjects (0ms)
		CreateAndSetChildDomain (25ms)
	RebuildCommonClasses (54ms)
	RebuildNativeTypeToScriptingClass (15ms)
	initialDomainReloadingComplete (97ms)
	LoadAllAssembliesAndSetupDomain (972ms)
		LoadAssemblies (754ms)
		RebuildTransferFunctionScriptingTraits (0ms)
		AnalyzeDomain (407ms)
			TypeCache.Refresh (379ms)
				TypeCache.ScanAssembly (354ms)
			ScanForSourceGeneratedMonoScriptInfo (21ms)
			ResolveRequiredComponents (5ms)
	FinalizeReload (1015ms)
		ReleaseScriptCaches (0ms)
		RebuildScriptCaches (0ms)
		SetupLoadedEditorAssemblies (800ms)
			LogAssemblyErrors (0ms)
			InitializePlatformSupportModulesInManaged (93ms)
			SetLoadedEditorAssemblies (5ms)
			RefreshPlugins (0ms)
			BeforeProcessingInitializeOnLoad (150ms)
			ProcessInitializeOnLoadAttributes (481ms)
			ProcessInitializeOnLoadMethodAttributes (28ms)
			AfterProcessingInitializeOnLoad (43ms)
			EditorAssembliesLoaded (0ms)
		ExecutionOrderSort2 (0ms)
		AwakeInstancesAfterBackupRestoration (11ms)
Launched and connected shader compiler UnityShaderCompiler.exe after 0.07 seconds
Refreshing native plugins compatible for Editor in 17.09 ms, found 3 plugins.
Preloading 0 native plugins for Editor in 0.00 ms.
Unloading 3164 Unused Serialized files (Serialized files now loaded: 0)
Unloading 32 unused Assets / (57.4 KB). Loaded Objects now: 3644.
Memory consumption went from 144.7 MB to 144.6 MB.
Total: 3.695300 ms (FindLiveObjects: 0.373900 ms CreateObjectMapping: 0.108000 ms MarkObjects: 3.077100 ms  DeleteObjects: 0.134900 ms)

AssetImportParameters requested are different than current active one (requested -> active):
  custom:scripting/monoscript/fileName/UI_Assistant.cs: 4ed8a99d749385609e1785445fb7f63c -> 
  custom:container-demuxer-ogg: 62fdf1f143b41e24485cea50d1cbac27 -> 
  custom:video-codec-MediaFoundation-h265: 746d11721c4dcdbdad8f713fa42b33f4 -> 
  custom:video-decoder-ogg-theora: a1e56fd34408186e4bbccfd4996cb3dc -> 
  custom:framework-win-MediaFoundation: 216162199b28c13a410421893ffa2e32 -> 
  custom:scripting/monoscript/fileName/NewBehaviourScript.cs: b21687ddb03d73bd9f0c1daecb9714de -> 
  custom:CustomObjectIndexerAttribute: 43b350a4d6e6d1791af0b5038c4bea17 -> 
  custom:container-demuxer-webm: 4f35f7cbe854078d1ac9338744f61a02 -> 
  custom:container-muxer-webm: aa71ff27fc2769a1b78a27578f13a17b -> 
  custom:video-decoder-webm-vp8: 9c59270c3fd7afecdb556c50c9e8de78 -> 
  custom:SearchIndexIgnoredProperties: e643bd26f0fe6173181afceb89e7c659 -> 
  custom:AudioImporter_EditorPlatform: d09bf68614088b80899f8185d706f6e7 -> 
  custom:scripting/monoscript/fileName/SutoScroll.cs: a3ff8f61072cd9e98314cabc49a33d0b -> 
  custom:video-encoder-webm-vp8: eb34c28f22e8b96e1ab97ce403110664 -> 
  custom:audio-decoder-ogg-vorbis: bf7c407c2cedff20999df2af8eb42d56 -> 
  custom:audio-encoder-webm-vorbis: bf7c407c2cedff20999df2af8eb42d56 -> 
========================================================================
Received Import Request.
  Time since last request: 1224042.454283 seconds.
  path: Assets/EmaceArt/Slavic World Free/Material/Water.mat
  artifactKey: Guid(7f1a01d22f40d3146b66a9113e3f7171) Importer(815301076,1909f56bfc062723c751e8b465ee728b)
Start importing Assets/EmaceArt/Slavic World Free/Material/Water.mat using Guid(7f1a01d22f40d3146b66a9113e3f7171) Importer(815301076,1909f56bfc062723c751e8b465ee728b)  -> (artifact id: 'cc432cec7829f1b543dbe72596fba67c') in 0.135654 seconds
Number of updated asset objects reloaded before import = 0
Number of asset objects unloaded after import = 1
========================================================================
Received Import Request.
  Time since last request: 0.906376 seconds.
  path: Assets/EmaceArt/Slavic World Free/Terrain/SlavicaTerrainDemo.mat
  artifactKey: Guid(3cfffe3571edb72408130af112d67edb) Importer(815301076,1909f56bfc062723c751e8b465ee728b)
Start importing Assets/EmaceArt/Slavic World Free/Terrain/SlavicaTerrainDemo.mat using Guid(3cfffe3571edb72408130af112d67edb) Importer(815301076,1909f56bfc062723c751e8b465ee728b)  -> (artifact id: '36bb5ca6f024467ad3d29d71616801da') in 0.412511 seconds
Number of updated asset objects reloaded before import = 0
Number of asset objects unloaded after import = 1
========================================================================
Received Import Request.
  Time since last request: 7.910685 seconds.
  path: Assets/EmaceArt/Slavic World Free/Material/Mud.mat
  artifactKey: Guid(472527642e708b7428e4fd81d706d082) Importer(815301076,1909f56bfc062723c751e8b465ee728b)
Start importing Assets/EmaceArt/Slavic World Free/Material/Mud.mat using Guid(472527642e708b7428e4fd81d706d082) Importer(815301076,1909f56bfc062723c751e8b465ee728b)  -> (artifact id: '5f0fabb699b66b74525b01ffbf826289') in 0.021535 seconds
Number of updated asset objects reloaded before import = 0
Number of asset objects unloaded after import = 2
========================================================================
Received Import Request.
  Time since last request: 0.000021 seconds.
  path: Assets/EmaceArt/Slavic World Free/Resources/LOD3/EA_Prop_Hunter_Animal_Trophy_01a.fbx
  artifactKey: Guid(a2f9d8f2d3e86874c8cb739deca457ad) Importer(815301076,1909f56bfc062723c751e8b465ee728b)
Start importing Assets/EmaceArt/Slavic World Free/Resources/LOD3/EA_Prop_Hunter_Animal_Trophy_01a.fbx using Guid(a2f9d8f2d3e86874c8cb739deca457ad) Importer(815301076,1909f56bfc062723c751e8b465ee728b)  -> (artifact id: 'fa7ae8a9a15670d38f8b24a3a695d1cd') in 0.086362 seconds
Number of updated asset objects reloaded before import = 0
Number of asset objects unloaded after import = 21
========================================================================
Received Import Request.
  Time since last request: 1.405198 seconds.
  path: Assets/EmaceArt/Slavic World Free/Resources/LOD3/EA03_Prop_Village_Plank_01c.fbx
  artifactKey: Guid(3cc25829bbcb8f54ba43e1d58d84add4) Importer(815301076,1909f56bfc062723c751e8b465ee728b)
Start importing Assets/EmaceArt/Slavic World Free/Resources/LOD3/EA03_Prop_Village_Plank_01c.fbx using Guid(3cc25829bbcb8f54ba43e1d58d84add4) Importer(815301076,1909f56bfc062723c751e8b465ee728b)  -> (artifact id: 'fdff2cf6ad48582b389e54350fa10397') in 0.045784 seconds
Number of updated asset objects reloaded before import = 0
Number of asset objects unloaded after import = 21
========================================================================
Received Import Request.
  Time since last request: 0.000020 seconds.
  path: Assets/EmaceArt/Slavic World Free/Resources/LOD4/EA03_Village_Hut_Wall_Front_04b.fbx
  artifactKey: Guid(8b9175d6598bd614abcc74740ea0012f) Importer(815301076,1909f56bfc062723c751e8b465ee728b)
Start importing Assets/EmaceArt/Slavic World Free/Resources/LOD4/EA03_Village_Hut_Wall_Front_04b.fbx using Guid(8b9175d6598bd614abcc74740ea0012f) Importer(815301076,1909f56bfc062723c751e8b465ee728b)  -> (artifact id: '5f6337c9f766df7210fdde039709ee68') in 0.052630 seconds
Number of updated asset objects reloaded before import = 0
Number of asset objects unloaded after import = 26
========================================================================
Received Import Request.
  Time since last request: 0.006507 seconds.
  path: Assets/EmaceArt/Slavic World Free/Resources/LOD4/EA03_Village_Hut_Wall_Front_04e.fbx
  artifactKey: Guid(7c39965b26d41264aa2e9d96d16c8b28) Importer(815301076,1909f56bfc062723c751e8b465ee728b)
Start importing Assets/EmaceArt/Slavic World Free/Resources/LOD4/EA03_Village_Hut_Wall_Front_04e.fbx using Guid(7c39965b26d41264aa2e9d96d16c8b28) Importer(815301076,1909f56bfc062723c751e8b465ee728b)  -> (artifact id: 'b0da5cdf34e93f0b2142c29e9c6381e8') in 0.065492 seconds
Number of updated asset objects reloaded before import = 0
Number of asset objects unloaded after import = 26
========================================================================
Received Import Request.
  Time since last request: 0.174410 seconds.
  path: Assets/EmaceArt/Slavic World Free/Resources/LOD3/EA03_Items_House_Spoon_01a.fbx
  artifactKey: Guid(95f15f585b121524294035bb2011866f) Importer(815301076,1909f56bfc062723c751e8b465ee728b)
Start importing Assets/EmaceArt/Slavic World Free/Resources/LOD3/EA03_Items_House_Spoon_01a.fbx using Guid(95f15f585b121524294035bb2011866f) Importer(815301076,1909f56bfc062723c751e8b465ee728b)  -> (artifact id: '6b56b31c1723acb6ccc8fa2b5020859e') in 0.046088 seconds
Number of updated asset objects reloaded before import = 0
Number of asset objects unloaded after import = 21
========================================================================
Received Import Request.
  Time since last request: 4.253645 seconds.
  path: Assets/EmaceArt/Slavic World Free/Resources/LOD4/EA03_Village_OutBuilding_PentHouse_01a.fbx
  artifactKey: Guid(9c9f2f2aa57ac854aba6e282ecd0643c) Importer(815301076,1909f56bfc062723c751e8b465ee728b)
Start importing Assets/EmaceArt/Slavic World Free/Resources/LOD4/EA03_Village_OutBuilding_PentHouse_01a.fbx using Guid(9c9f2f2aa57ac854aba6e282ecd0643c) Importer(815301076,1909f56bfc062723c751e8b465ee728b)  -> (artifact id: 'cbc218d06f0f3bdc36a4d4fb6baf4532') in 0.074293 seconds
Number of updated asset objects reloaded before import = 0
Number of asset objects unloaded after import = 26
========================================================================
Received Import Request.
  Time since last request: 0.000033 seconds.
  path: Assets/EmaceArt/Slavic World Free/Resources/LOD3/EA03_Items_House_Bottle_01a.fbx
  artifactKey: Guid(7419ec3279586984092aa99f26308880) Importer(815301076,1909f56bfc062723c751e8b465ee728b)
Start importing Assets/EmaceArt/Slavic World Free/Resources/LOD3/EA03_Items_House_Bottle_01a.fbx using Guid(7419ec3279586984092aa99f26308880) Importer(815301076,1909f56bfc062723c751e8b465ee728b)  -> (artifact id: '2f223b1c9a50007ea8f45750642e19c3') in 0.055894 seconds
Number of updated asset objects reloaded before import = 0
Number of asset objects unloaded after import = 21
========================================================================
Received Import Request.
  Time since last request: 0.000019 seconds.
  path: Assets/EmaceArt/Slavic World Free/Resources/EA03_Plant_Grass_02b.fbx
  artifactKey: Guid(c679b46118ade7b478817aa8b269fe4f) Importer(815301076,1909f56bfc062723c751e8b465ee728b)
Start importing Assets/EmaceArt/Slavic World Free/Resources/EA03_Plant_Grass_02b.fbx using Guid(c679b46118ade7b478817aa8b269fe4f) Importer(815301076,1909f56bfc062723c751e8b465ee728b)  -> (artifact id: '5efe0127d39521bb1caab354deb1912c') in 0.031039 seconds
Number of updated asset objects reloaded before import = 0
Number of asset objects unloaded after import = 9
========================================================================
Received Import Request.
  Time since last request: 0.098047 seconds.
  path: Assets/TextMesh Pro/Resources/Fonts & Materials/LiberationSans SDF - Outline.mat
  artifactKey: Guid(79459efec17a4d00a321bdcc27bbc385) Importer(815301076,1909f56bfc062723c751e8b465ee728b)
Start importing Assets/TextMesh Pro/Resources/Fonts & Materials/LiberationSans SDF - Outline.mat using Guid(79459efec17a4d00a321bdcc27bbc385) Importer(815301076,1909f56bfc062723c751e8b465ee728b)  -> (artifact id: '84ada5e4f7ac2e54193d9b1f01f270c9') in 0.039153 seconds
Number of updated asset objects reloaded before import = 0
Number of asset objects unloaded after import = 2
========================================================================
Received Import Request.
  Time since last request: 0.495902 seconds.
  path: Assets/Crusader tank/base mesh/Materials/lambert2.mat
  artifactKey: Guid(057ee271bea5e64408be385a509f2f4b) Importer(815301076,1909f56bfc062723c751e8b465ee728b)
Start importing Assets/Crusader tank/base mesh/Materials/lambert2.mat using Guid(057ee271bea5e64408be385a509f2f4b) Importer(815301076,1909f56bfc062723c751e8b465ee728b)  -> (artifact id: '20712e0441ad4dcc278d4d3590d652a7') in 0.019303 seconds
Number of updated asset objects reloaded before import = 0
Number of asset objects unloaded after import = 1
========================================================================
Received Import Request.
  Time since last request: 0.000018 seconds.
  path: Assets/TextMesh Pro/Resources/Fonts & Materials/LiberationSans SDF - Drop Shadow.mat
  artifactKey: Guid(e73a58f6e2794ae7b1b7e50b7fb811b0) Importer(815301076,1909f56bfc062723c751e8b465ee728b)
Start importing Assets/TextMesh Pro/Resources/Fonts & Materials/LiberationSans SDF - Drop Shadow.mat using Guid(e73a58f6e2794ae7b1b7e50b7fb811b0) Importer(815301076,1909f56bfc062723c751e8b465ee728b)  -> (artifact id: 'fb0170c87bd4eb08a6a381887d5847e3') in 0.038700 seconds
Number of updated asset objects reloaded before import = 0
Number of asset objects unloaded after import = 2
========================================================================
Received Import Request.
  Time since last request: 1.056801 seconds.
  path: Assets/EmaceArt/Slavic World Free/Material/Grass.mat
  artifactKey: Guid(ea08560f7d1d41746b68a867eb19abbe) Importer(815301076,1909f56bfc062723c751e8b465ee728b)
Start importing Assets/EmaceArt/Slavic World Free/Material/Grass.mat using Guid(ea08560f7d1d41746b68a867eb19abbe) Importer(815301076,1909f56bfc062723c751e8b465ee728b)  -> (artifact id: '5d53c5c42de04d2253ef57474e5ae9dc') in 0.037269 seconds
Number of updated asset objects reloaded before import = 0
Number of asset objects unloaded after import = 2
========================================================================
Received Import Request.
  Time since last request: 0.049722 seconds.
  path: Assets/EmaceArt/Slavic World Free/Resources/LOD3/EA03_Prop_Village_Whell_01d.fbx
  artifactKey: Guid(55c53df0220fd894c88ac018a5b9f012) Importer(815301076,1909f56bfc062723c751e8b465ee728b)
Start importing Assets/EmaceArt/Slavic World Free/Resources/LOD3/EA03_Prop_Village_Whell_01d.fbx using Guid(55c53df0220fd894c88ac018a5b9f012) Importer(815301076,1909f56bfc062723c751e8b465ee728b)  -> (artifact id: '1fb04fbac471bef430451243ba25b63c') in 0.097238 seconds
Number of updated asset objects reloaded before import = 0
Number of asset objects unloaded after import = 21
========================================================================
Received Import Request.
  Time since last request: 0.000023 seconds.
  path: Assets/EmaceArt/Slavic World Free/Resources/LOD3/EA03_Prop_Tool_Stump_02a.fbx
  artifactKey: Guid(69b9fb8b93ab03b43b08cb7d05ad286e) Importer(815301076,1909f56bfc062723c751e8b465ee728b)
Start importing Assets/EmaceArt/Slavic World Free/Resources/LOD3/EA03_Prop_Tool_Stump_02a.fbx using Guid(69b9fb8b93ab03b43b08cb7d05ad286e) Importer(815301076,1909f56bfc062723c751e8b465ee728b)  -> (artifact id: 'a6856913b42aca04fd18c65d9ca05e1c') in 0.055772 seconds
Number of updated asset objects reloaded before import = 0
Number of asset objects unloaded after import = 21
========================================================================
Received Import Request.
  Time since last request: 0.000035 seconds.
  path: Assets/EmaceArt/Slavic World Free/Resources/LOD3/EA03_Fence_Withy_Seam_02a.fbx
  artifactKey: Guid(7268d2cf1dfb8c54bbade433947d851a) Importer(815301076,1909f56bfc062723c751e8b465ee728b)
Start importing Assets/EmaceArt/Slavic World Free/Resources/LOD3/EA03_Fence_Withy_Seam_02a.fbx using Guid(7268d2cf1dfb8c54bbade433947d851a) Importer(815301076,1909f56bfc062723c751e8b465ee728b)  -> (artifact id: '03406e2a5b2ebf9a87dec57bb6d96485') in 0.051466 seconds
Number of updated asset objects reloaded before import = 0
Number of asset objects unloaded after import = 21
========================================================================
Received Import Request.
  Time since last request: 1.125630 seconds.
  path: Assets/EmaceArt/Slavic World Free/_CommonFiles/OtherMaterials/EA03_LPNP-Slavika_Colorsheet_v3.mat
  artifactKey: Guid(d5b545cf21e29c747893331f5e2d695d) Importer(815301076,1909f56bfc062723c751e8b465ee728b)
Start importing Assets/EmaceArt/Slavic World Free/_CommonFiles/OtherMaterials/EA03_LPNP-Slavika_Colorsheet_v3.mat using Guid(d5b545cf21e29c747893331f5e2d695d) Importer(815301076,1909f56bfc062723c751e8b465ee728b)  -> (artifact id: '105bfa5b9ee96382e9419369b0ad04fc') in 0.018676 seconds
Number of updated asset objects reloaded before import = 0
Number of asset objects unloaded after import = 2
========================================================================
Received Import Request.
  Time since last request: 0.000027 seconds.
  path: Assets/EmaceArt/Slavic World Free/Material/EA03_LPNP-Slavika_Colorsheet_wind_tree.mat
  artifactKey: Guid(832aba01891ef884caabb15bdd767a8d) Importer(815301076,1909f56bfc062723c751e8b465ee728b)
Start importing Assets/EmaceArt/Slavic World Free/Material/EA03_LPNP-Slavika_Colorsheet_wind_tree.mat using Guid(832aba01891ef884caabb15bdd767a8d) Importer(815301076,1909f56bfc062723c751e8b465ee728b)  -> (artifact id: 'cbe94cdf9f1df1006f77fe1f55217a87') in 0.218642 seconds
Number of updated asset objects reloaded before import = 0
Number of asset objects unloaded after import = 3
========================================================================
Received Import Request.
  Time since last request: 0.769354 seconds.
  path: Assets/EmaceArt/Slavic World Free/Material/EA03_LPNP - Grass.mat
  artifactKey: Guid(7a1160409d7033a4aa04f47785fdaa62) Importer(815301076,1909f56bfc062723c751e8b465ee728b)
Start importing Assets/EmaceArt/Slavic World Free/Material/EA03_LPNP - Grass.mat using Guid(7a1160409d7033a4aa04f47785fdaa62) Importer(815301076,1909f56bfc062723c751e8b465ee728b)  -> (artifact id: 'c9c0a3f1747614a28852fba46728cb24') in 0.319365 seconds
Number of updated asset objects reloaded before import = 0
Number of asset objects unloaded after import = 3
========================================================================
Received Import Request.
  Time since last request: 0.788210 seconds.
  path: Assets/EmaceArt/Slavic World Free/Resources/LOD3/EA03_Fence_rockDesk_01g.fbx
  artifactKey: Guid(3269f240c7a843a40b27533e7ea759ab) Importer(815301076,1909f56bfc062723c751e8b465ee728b)
Start importing Assets/EmaceArt/Slavic World Free/Resources/LOD3/EA03_Fence_rockDesk_01g.fbx using Guid(3269f240c7a843a40b27533e7ea759ab) Importer(815301076,1909f56bfc062723c751e8b465ee728b)  -> (artifact id: '66fd6a1dfc2b582238bbb0b5fb1b7ede') in 0.049945 seconds
Number of updated asset objects reloaded before import = 0
Number of asset objects unloaded after import = 21
========================================================================
Received Import Request.
  Time since last request: 0.000023 seconds.
  path: Assets/EmaceArt/Slavic World Free/Skybox/Epic_BigCloudsSoft_V2/EA03_LowPolyBigClouds.mat
  artifactKey: Guid(5d0ef7cbda2ac05459b326d9ebbcc118) Importer(815301076,1909f56bfc062723c751e8b465ee728b)
Start importing Assets/EmaceArt/Slavic World Free/Skybox/Epic_BigCloudsSoft_V2/EA03_LowPolyBigClouds.mat using Guid(5d0ef7cbda2ac05459b326d9ebbcc118) Importer(815301076,1909f56bfc062723c751e8b465ee728b)  -> (artifact id: '4dd68ffb92f5e45a84307e0aff5c8fec') in 0.061264 seconds
Number of updated asset objects reloaded before import = 0
Number of asset objects unloaded after import = 7
========================================================================
Received Import Request.
  Time since last request: 0.000030 seconds.
  path: Assets/EmaceArt/Slavic World Free/Resources/LOD3/EA03_Fence_rockDesk_End_01a.fbx
  artifactKey: Guid(a147f4f3d76c88d438190a38b3eca73c) Importer(815301076,1909f56bfc062723c751e8b465ee728b)
Start importing Assets/EmaceArt/Slavic World Free/Resources/LOD3/EA03_Fence_rockDesk_End_01a.fbx using Guid(a147f4f3d76c88d438190a38b3eca73c) Importer(815301076,1909f56bfc062723c751e8b465ee728b)  -> (artifact id: 'dddb50bb30c64dcd8132a7fd5352eac1') in 0.049335 seconds
Number of updated asset objects reloaded before import = 0
Number of asset objects unloaded after import = 21
========================================================================
Received Import Request.
  Time since last request: 0.266269 seconds.
  path: Assets/EmaceArt/Slavic World Free/Resources/LOD3/EA03_Environment_Rock_Flat_04c.fbx
  artifactKey: Guid(43ca8dad8251f3e4686f4c16ad2c9100) Importer(815301076,1909f56bfc062723c751e8b465ee728b)
Start importing Assets/EmaceArt/Slavic World Free/Resources/LOD3/EA03_Environment_Rock_Flat_04c.fbx using Guid(43ca8dad8251f3e4686f4c16ad2c9100) Importer(815301076,1909f56bfc062723c751e8b465ee728b)  -> (artifact id: '3c326fbd3716b5c86672c8293be3d571') in 0.050010 seconds
Number of updated asset objects reloaded before import = 0
Number of asset objects unloaded after import = 21
========================================================================
Received Import Request.
  Time since last request: 0.889914 seconds.
  path: Assets/EmaceArt/Slavic World Free/Resources/LOD3/EA03_Nature_Solid_Flat_01b.fbx
  artifactKey: Guid(6e63d60023cb830498e0dfe53fdc9b5c) Importer(815301076,1909f56bfc062723c751e8b465ee728b)
Start importing Assets/EmaceArt/Slavic World Free/Resources/LOD3/EA03_Nature_Solid_Flat_01b.fbx using Guid(6e63d60023cb830498e0dfe53fdc9b5c) Importer(815301076,1909f56bfc062723c751e8b465ee728b)  -> (artifact id: '9e9c256ee2195be8e4929831f0bc2f3e') in 0.052650 seconds
Number of updated asset objects reloaded before import = 0
Number of asset objects unloaded after import = 21
========================================================================
Received Import Request.
  Time since last request: 0.000017 seconds.
  path: Assets/EmaceArt/Slavic World Free/Resources/LOD3/EA03_Nature_Tree_02b.fbx
  artifactKey: Guid(15cbfd355642c1c48a6471b9ec0b25ba) Importer(815301076,1909f56bfc062723c751e8b465ee728b)
Start importing Assets/EmaceArt/Slavic World Free/Resources/LOD3/EA03_Nature_Tree_02b.fbx using Guid(15cbfd355642c1c48a6471b9ec0b25ba) Importer(815301076,1909f56bfc062723c751e8b465ee728b)  -> (artifact id: 'b8197e1d0271694f2e00a7ce5b852c8d') in 0.053421 seconds
Number of updated asset objects reloaded before import = 0
Number of asset objects unloaded after import = 21
========================================================================
Received Import Request.
  Time since last request: 0.053788 seconds.
  path: Assets/EmaceArt/Slavic World Free/Resources/LOD3/EA03_Items_House_Carrot_01a.fbx
  artifactKey: Guid(1f99f3cf77ae55146affb1811e50c8ce) Importer(815301076,1909f56bfc062723c751e8b465ee728b)
Start importing Assets/EmaceArt/Slavic World Free/Resources/LOD3/EA03_Items_House_Carrot_01a.fbx using Guid(1f99f3cf77ae55146affb1811e50c8ce) Importer(815301076,1909f56bfc062723c751e8b465ee728b)  -> (artifact id: '2804030a6ec63c24b436ca17f3a1ecf8') in 0.059892 seconds
Number of updated asset objects reloaded before import = 0
Number of asset objects unloaded after import = 21
========================================================================
Received Import Request.
  Time since last request: 0.000030 seconds.
  path: Assets/EmaceArt/Slavic World Free/Resources/LOD4/EA03_Village_OutBuilding_Cubby_01d.fbx
  artifactKey: Guid(6ee362c65b6f7d0468ee697b6fa177f4) Importer(815301076,1909f56bfc062723c751e8b465ee728b)
Start importing Assets/EmaceArt/Slavic World Free/Resources/LOD4/EA03_Village_OutBuilding_Cubby_01d.fbx using Guid(6ee362c65b6f7d0468ee697b6fa177f4) Importer(815301076,1909f56bfc062723c751e8b465ee728b)  -> (artifact id: '25496f5621629321d913ebbff5dfa01b') in 0.072767 seconds
Number of updated asset objects reloaded before import = 0
Number of asset objects unloaded after import = 26
========================================================================
Received Import Request.
  Time since last request: 0.333307 seconds.
  path: Assets/EmaceArt/Slavic World Free/Resources/LOD3/EA03_Items_House_Apple_01b.fbx
  artifactKey: Guid(683aa6683b22b244287d19b08050959c) Importer(815301076,1909f56bfc062723c751e8b465ee728b)
Start importing Assets/EmaceArt/Slavic World Free/Resources/LOD3/EA03_Items_House_Apple_01b.fbx using Guid(683aa6683b22b244287d19b08050959c) Importer(815301076,1909f56bfc062723c751e8b465ee728b)  -> (artifact id: 'd0781be1a0ce0157aa13811f6a6a67a7') in 0.047606 seconds
Number of updated asset objects reloaded before import = 0
Number of asset objects unloaded after import = 21
========================================================================
Received Import Request.
  Time since last request: 0.000020 seconds.
  path: Assets/EmaceArt/Slavic World Free/Resources/LOD3/EA03_Items_House_BredBoard_01a.fbx
  artifactKey: Guid(2137813e38c7b504aa81ea4d4d0bd663) Importer(815301076,1909f56bfc062723c751e8b465ee728b)
Start importing Assets/EmaceArt/Slavic World Free/Resources/LOD3/EA03_Items_House_BredBoard_01a.fbx using Guid(2137813e38c7b504aa81ea4d4d0bd663) Importer(815301076,1909f56bfc062723c751e8b465ee728b)  -> (artifact id: '9727727d2a0b4ff50edd4ce690b0d6fa') in 0.048532 seconds
Number of updated asset objects reloaded before import = 0
Number of asset objects unloaded after import = 21
========================================================================
Received Import Request.
  Time since last request: 0.000022 seconds.
  path: Assets/EmaceArt/Slavic World Free/Resources/LOD3/EA03_Items_House_Apple_01a.fbx
  artifactKey: Guid(ac60a1e5147f37f4ea437303b92a771f) Importer(815301076,1909f56bfc062723c751e8b465ee728b)
Start importing Assets/EmaceArt/Slavic World Free/Resources/LOD3/EA03_Items_House_Apple_01a.fbx using Guid(ac60a1e5147f37f4ea437303b92a771f) Importer(815301076,1909f56bfc062723c751e8b465ee728b)  -> (artifact id: 'aeef863ac0d6a1453d3bb103e388c70d') in 0.047684 seconds
Number of updated asset objects reloaded before import = 0
Number of asset objects unloaded after import = 21
========================================================================
Received Import Request.
  Time since last request: 0.350982 seconds.
  path: Assets/EmaceArt/Slavic World Free/Resources/LOD3/EA03_Fence_Wall_01b.fbx
  artifactKey: Guid(4f927d8c0f80da54eacc496ab63df1bf) Importer(815301076,1909f56bfc062723c751e8b465ee728b)
Start importing Assets/EmaceArt/Slavic World Free/Resources/LOD3/EA03_Fence_Wall_01b.fbx using Guid(4f927d8c0f80da54eacc496ab63df1bf) Importer(815301076,1909f56bfc062723c751e8b465ee728b)  -> (artifact id: 'e7292caa60386b542ce4421f9a175e33') in 0.082395 seconds
Number of updated asset objects reloaded before import = 0
Number of asset objects unloaded after import = 21
========================================================================
Received Import Request.
  Time since last request: 0.000028 seconds.
  path: Assets/EmaceArt/Slavic World Free/Resources/LOD3/EA03_Items_House_Firewood_01a.fbx
  artifactKey: Guid(780ff2e8fc3d55b40bde8b2ebf2c24c4) Importer(815301076,1909f56bfc062723c751e8b465ee728b)
Start importing Assets/EmaceArt/Slavic World Free/Resources/LOD3/EA03_Items_House_Firewood_01a.fbx using Guid(780ff2e8fc3d55b40bde8b2ebf2c24c4) Importer(815301076,1909f56bfc062723c751e8b465ee728b)  -> (artifact id: '589c671dea1eca2e6f6cf8b96bef1828') in 0.070720 seconds
Number of updated asset objects reloaded before import = 0
Number of asset objects unloaded after import = 21
========================================================================
Received Import Request.
  Time since last request: 0.000044 seconds.
  path: Assets/EmaceArt/Slavic World Free/Resources/LOD3/EA03_Items_House_Cup_01a.fbx
  artifactKey: Guid(a1da319082eff5a4b9df4b85ef047790) Importer(815301076,1909f56bfc062723c751e8b465ee728b)
Start importing Assets/EmaceArt/Slavic World Free/Resources/LOD3/EA03_Items_House_Cup_01a.fbx using Guid(a1da319082eff5a4b9df4b85ef047790) Importer(815301076,1909f56bfc062723c751e8b465ee728b)  -> (artifact id: 'bd123c3c56b9840ce52ab39cbf1e9222') in 0.059751 seconds
Number of updated asset objects reloaded before import = 0
Number of asset objects unloaded after import = 21
========================================================================
Received Import Request.
  Time since last request: 0.272037 seconds.
  path: Assets/EmaceArt/Slavic World Free/Resources/LOD3/EA03_Nature_Bush_Flat_03d.fbx
  artifactKey: Guid(39123a535ab70234ea8dd980cc8dbdfe) Importer(815301076,1909f56bfc062723c751e8b465ee728b)
Start importing Assets/EmaceArt/Slavic World Free/Resources/LOD3/EA03_Nature_Bush_Flat_03d.fbx using Guid(39123a535ab70234ea8dd980cc8dbdfe) Importer(815301076,1909f56bfc062723c751e8b465ee728b)  -> (artifact id: '2b29042386cf972f2b68aaebbbc543ac') in 0.049691 seconds
Number of updated asset objects reloaded before import = 0
Number of asset objects unloaded after import = 21
========================================================================
Received Import Request.
  Time since last request: 0.029363 seconds.
  path: Assets/EmaceArt/Slavic World Free/Resources/LOD3/EA03_Nature_Bush_04a.fbx
  artifactKey: Guid(b204b246cfdd03c47b6cd5fa557f1032) Importer(815301076,1909f56bfc062723c751e8b465ee728b)
Start importing Assets/EmaceArt/Slavic World Free/Resources/LOD3/EA03_Nature_Bush_04a.fbx using Guid(b204b246cfdd03c47b6cd5fa557f1032) Importer(815301076,1909f56bfc062723c751e8b465ee728b)  -> (artifact id: '7583d6289f6c0968b5eda38f8a3bff68') in 0.058151 seconds
Number of updated asset objects reloaded before import = 0
Number of asset objects unloaded after import = 26
========================================================================
Received Import Request.
  Time since last request: 0.256374 seconds.
  path: Assets/EmaceArt/Slavic World Free/Resources/LOD3/EA03_Nature_Solid_Flat_01c.fbx
  artifactKey: Guid(ef9f998abb65cf94db2f7b97f5375b03) Importer(815301076,1909f56bfc062723c751e8b465ee728b)
Start importing Assets/EmaceArt/Slavic World Free/Resources/LOD3/EA03_Nature_Solid_Flat_01c.fbx using Guid(ef9f998abb65cf94db2f7b97f5375b03) Importer(815301076,1909f56bfc062723c751e8b465ee728b)  -> (artifact id: 'd0860213687906d0a53f424b00ccc701') in 0.050448 seconds
Number of updated asset objects reloaded before import = 0
Number of asset objects unloaded after import = 21
========================================================================
Received Import Request.
  Time since last request: 0.056691 seconds.
  path: Assets/EmaceArt/Slavic World Free/Resources/LOD3/EA03_Nature_Bush_02a.fbx
  artifactKey: Guid(f8aa08f64fb681741b9a06b315339347) Importer(815301076,1909f56bfc062723c751e8b465ee728b)
Start importing Assets/EmaceArt/Slavic World Free/Resources/LOD3/EA03_Nature_Bush_02a.fbx using Guid(f8aa08f64fb681741b9a06b315339347) Importer(815301076,1909f56bfc062723c751e8b465ee728b)  -> (artifact id: 'c45d7b5701f81d2a9a899b6ec6becc76') in 0.052527 seconds
Number of updated asset objects reloaded before import = 0
Number of asset objects unloaded after import = 21
========================================================================
Received Import Request.
  Time since last request: 0.178710 seconds.
  path: Assets/EmaceArt/Slavic World Free/Resources/LOD3/EA03_Nature_Bush_01b.fbx
  artifactKey: Guid(570f92cc561b6cb4392ec8e422051ce9) Importer(815301076,1909f56bfc062723c751e8b465ee728b)
Start importing Assets/EmaceArt/Slavic World Free/Resources/LOD3/EA03_Nature_Bush_01b.fbx using Guid(570f92cc561b6cb4392ec8e422051ce9) Importer(815301076,1909f56bfc062723c751e8b465ee728b)  -> (artifact id: 'ce37f70e42fc112707ee41e08f4e7b50') in 0.060609 seconds
Number of updated asset objects reloaded before import = 0
Number of asset objects unloaded after import = 26
========================================================================
Received Import Request.
  Time since last request: 0.000023 seconds.
  path: Assets/EmaceArt/Slavic World Free/Resources/LOD3/EA03_Nature_Bush_01a.fbx
  artifactKey: Guid(3f82a28fb695a74418c3862370e17ad9) Importer(815301076,1909f56bfc062723c751e8b465ee728b)
Start importing Assets/EmaceArt/Slavic World Free/Resources/LOD3/EA03_Nature_Bush_01a.fbx using Guid(3f82a28fb695a74418c3862370e17ad9) Importer(815301076,1909f56bfc062723c751e8b465ee728b)  -> (artifact id: 'a330c96179b9418d1f14d2553fb6d5aa') in 0.058966 seconds
Number of updated asset objects reloaded before import = 0
Number of asset objects unloaded after import = 26
========================================================================
Received Import Request.
  Time since last request: 0.209728 seconds.
  path: Assets/EmaceArt/Slavic World Free/Resources/LOD3/EA03_Environment_RiverStraight_01f_R.fbx
  artifactKey: Guid(a0729f630d8703c46bd307b0c0a8a526) Importer(815301076,1909f56bfc062723c751e8b465ee728b)
Start importing Assets/EmaceArt/Slavic World Free/Resources/LOD3/EA03_Environment_RiverStraight_01f_R.fbx using Guid(a0729f630d8703c46bd307b0c0a8a526) Importer(815301076,1909f56bfc062723c751e8b465ee728b)  -> (artifact id: '890c1afd2e43f34daaf2b4bd1490201a') in 0.058210 seconds
Number of updated asset objects reloaded before import = 0
Number of asset objects unloaded after import = 21
========================================================================
Received Import Request.
  Time since last request: 0.000032 seconds.
  path: Assets/EmaceArt/Slavic World Free/Resources/LOD3/EA03_Env_Sand_Flat_01b.fbx
  artifactKey: Guid(af4ac59615e3e8c4dbf982fdcf8ff0c8) Importer(815301076,1909f56bfc062723c751e8b465ee728b)
Start importing Assets/EmaceArt/Slavic World Free/Resources/LOD3/EA03_Env_Sand_Flat_01b.fbx using Guid(af4ac59615e3e8c4dbf982fdcf8ff0c8) Importer(815301076,1909f56bfc062723c751e8b465ee728b)  -> (artifact id: '2e55309a21d9b3c05b04cd4ae4731c83') in 0.054245 seconds
Number of updated asset objects reloaded before import = 0
Number of asset objects unloaded after import = 21
========================================================================
Received Import Request.
  Time since last request: 0.228388 seconds.
  path: Assets/EmaceArt/Slavic World Free/Resources/LOD3/EA03_Env_Road_Wooden_01d.fbx
  artifactKey: Guid(eebcc11307218cd4bb46caf90ac36df2) Importer(815301076,1909f56bfc062723c751e8b465ee728b)
Start importing Assets/EmaceArt/Slavic World Free/Resources/LOD3/EA03_Env_Road_Wooden_01d.fbx using Guid(eebcc11307218cd4bb46caf90ac36df2) Importer(815301076,1909f56bfc062723c751e8b465ee728b)  -> (artifact id: '485e316a67ac3e0977c284a282224ad7') in 0.051993 seconds
Number of updated asset objects reloaded before import = 0
Number of asset objects unloaded after import = 21
========================================================================
Received Import Request.
  Time since last request: 0.000023 seconds.
  path: Assets/EmaceArt/Slavic World Free/Resources/LOD4/EA03_Village_OutBuilding_WoodRoof_01b.fbx
  artifactKey: Guid(2b5de340e32bb484095bc0e4ec89bdb0) Importer(815301076,1909f56bfc062723c751e8b465ee728b)
Start importing Assets/EmaceArt/Slavic World Free/Resources/LOD4/EA03_Village_OutBuilding_WoodRoof_01b.fbx using Guid(2b5de340e32bb484095bc0e4ec89bdb0) Importer(815301076,1909f56bfc062723c751e8b465ee728b)  -> (artifact id: '4e9d5786d36cf9cc549df7f1fb2cb9f3') in 0.129415 seconds
Number of updated asset objects reloaded before import = 0
Number of asset objects unloaded after import = 26
========================================================================
Received Import Request.
  Time since last request: 0.104525 seconds.
  path: Assets/EmaceArt/Slavic World Free/Resources/LOD4/EA03_Village_Tover_01a.fbx
  artifactKey: Guid(1bf7816cffa0ed848aa700997de497e2) Importer(815301076,1909f56bfc062723c751e8b465ee728b)
Start importing Assets/EmaceArt/Slavic World Free/Resources/LOD4/EA03_Village_Tover_01a.fbx using Guid(1bf7816cffa0ed848aa700997de497e2) Importer(815301076,1909f56bfc062723c751e8b465ee728b)  -> (artifact id: '5b8f117702f12eaa02a6727db871d95f') in 0.074703 seconds
Number of updated asset objects reloaded before import = 0
Number of asset objects unloaded after import = 26
========================================================================
Received Import Request.
  Time since last request: 0.000024 seconds.
  path: Assets/EmaceArt/Slavic World Free/Resources/LOD4/EA03_Wooden_Pin_01b.fbx
  artifactKey: Guid(16bff6f79287af240a0f0cb147d4212e) Importer(815301076,1909f56bfc062723c751e8b465ee728b)
Start importing Assets/EmaceArt/Slavic World Free/Resources/LOD4/EA03_Wooden_Pin_01b.fbx using Guid(16bff6f79287af240a0f0cb147d4212e) Importer(815301076,1909f56bfc062723c751e8b465ee728b)  -> (artifact id: 'b4faeb741edc717858c0cf46ccad4b04') in 0.066359 seconds
Number of updated asset objects reloaded before import = 0
Number of asset objects unloaded after import = 26
========================================================================
Received Import Request.
  Time since last request: 0.122310 seconds.
  path: Assets/EmaceArt/Slavic World Free/Resources/LOD3/EA03_Fence_Plank_02d.fbx
  artifactKey: Guid(82cb0bafcb85fc3448ad508983ff1194) Importer(815301076,1909f56bfc062723c751e8b465ee728b)
Start importing Assets/EmaceArt/Slavic World Free/Resources/LOD3/EA03_Fence_Plank_02d.fbx using Guid(82cb0bafcb85fc3448ad508983ff1194) Importer(815301076,1909f56bfc062723c751e8b465ee728b)  -> (artifact id: 'd935996ea27a264293aeddfc9fe8cf7f') in 0.051849 seconds
Number of updated asset objects reloaded before import = 0
Number of asset objects unloaded after import = 21
========================================================================
Received Import Request.
  Time since last request: 0.000027 seconds.
  path: Assets/EmaceArt/Slavic World Free/Resources/LOD3/EA03_Fence_Plank_02b.fbx
  artifactKey: Guid(9a6b68b124304da48b60c294a6e0376c) Importer(815301076,1909f56bfc062723c751e8b465ee728b)
Start importing Assets/EmaceArt/Slavic World Free/Resources/LOD3/EA03_Fence_Plank_02b.fbx using Guid(9a6b68b124304da48b60c294a6e0376c) Importer(815301076,1909f56bfc062723c751e8b465ee728b)  -> (artifact id: '3ed34289ecba31388fb29328ebb15390') in 0.066137 seconds
Number of updated asset objects reloaded before import = 0
Number of asset objects unloaded after import = 21
========================================================================
Received Import Request.
  Time since last request: 0.129474 seconds.
  path: Assets/EmaceArt/Slavic World Free/Resources/LOD3/EA03_Fence_Cobble_01b.fbx
  artifactKey: Guid(62c5fae6b2d72074cb87730bf5c27475) Importer(815301076,1909f56bfc062723c751e8b465ee728b)
Start importing Assets/EmaceArt/Slavic World Free/Resources/LOD3/EA03_Fence_Cobble_01b.fbx using Guid(62c5fae6b2d72074cb87730bf5c27475) Importer(815301076,1909f56bfc062723c751e8b465ee728b)  -> (artifact id: 'b62654cf1367f9670ab758db1cf215dc') in 0.057850 seconds
Number of updated asset objects reloaded before import = 0
Number of asset objects unloaded after import = 21
========================================================================
Received Import Request.
  Time since last request: 0.000038 seconds.
  path: Assets/EmaceArt/Slavic World Free/Resources/LOD3/EA03_Environment_Sand_01b.fbx
  artifactKey: Guid(d0b14770faab2644aad8e21fecbdc365) Importer(815301076,1909f56bfc062723c751e8b465ee728b)
Start importing Assets/EmaceArt/Slavic World Free/Resources/LOD3/EA03_Environment_Sand_01b.fbx using Guid(d0b14770faab2644aad8e21fecbdc365) Importer(815301076,1909f56bfc062723c751e8b465ee728b)  -> (artifact id: '32428968dfa7a32ece04e9752f84b597') in 0.062436 seconds
Number of updated asset objects reloaded before import = 0
Number of asset objects unloaded after import = 21
========================================================================
Received Import Request.
  Time since last request: 0.000024 seconds.
  path: Assets/EmaceArt/Slavic World Free/Resources/LOD3/EA03_Environment_RoadSide.fbx
  artifactKey: Guid(5bbe384892e4f9c4cacf14fdf74b04b1) Importer(815301076,1909f56bfc062723c751e8b465ee728b)
Start importing Assets/EmaceArt/Slavic World Free/Resources/LOD3/EA03_Environment_RoadSide.fbx using Guid(5bbe384892e4f9c4cacf14fdf74b04b1) Importer(815301076,1909f56bfc062723c751e8b465ee728b)  -> (artifact id: '13d2c69b9eeeb4620137a9d94ee7fc7d') in 0.061520 seconds
Number of updated asset objects reloaded before import = 0
Number of asset objects unloaded after import = 21
========================================================================
Received Import Request.
  Time since last request: 0.086601 seconds.
  path: Assets/EmaceArt/Slavic World Free/Resources/LOD3/EA03_Environment_Road_Cobble_Staris_01b.fbx
  artifactKey: Guid(02aaf8c868278f44ab8b59bcbfc02039) Importer(815301076,1909f56bfc062723c751e8b465ee728b)
Start importing Assets/EmaceArt/Slavic World Free/Resources/LOD3/EA03_Environment_Road_Cobble_Staris_01b.fbx using Guid(02aaf8c868278f44ab8b59bcbfc02039) Importer(815301076,1909f56bfc062723c751e8b465ee728b)  -> (artifact id: '0a6d6241697056548e79cd3975d44932') in 0.052972 seconds
Number of updated asset objects reloaded before import = 0
Number of asset objects unloaded after import = 21
========================================================================
Received Import Request.
  Time since last request: 0.000020 seconds.
  path: Assets/EmaceArt/Slavic World Free/Resources/LOD3/EA03_Fence_Cobble_End_01a.fbx
  artifactKey: Guid(eeeebdee7045bae46a534f6cbb5ffc6a) Importer(815301076,1909f56bfc062723c751e8b465ee728b)
Start importing Assets/EmaceArt/Slavic World Free/Resources/LOD3/EA03_Fence_Cobble_End_01a.fbx using Guid(eeeebdee7045bae46a534f6cbb5ffc6a) Importer(815301076,1909f56bfc062723c751e8b465ee728b)  -> (artifact id: '07040f3c78befdb540c9c7d95a600edd') in 0.050422 seconds
Number of updated asset objects reloaded before import = 0
Number of asset objects unloaded after import = 21
========================================================================
Received Import Request.
  Time since last request: 0.204078 seconds.
  path: Assets/EmaceArt/Slavic World Free/Resources/LOD3/EA_Items_House_bowl_wod_powder_01a.fbx
  artifactKey: Guid(90aa71f5e770f204599d5838b0a54704) Importer(815301076,1909f56bfc062723c751e8b465ee728b)
Start importing Assets/EmaceArt/Slavic World Free/Resources/LOD3/EA_Items_House_bowl_wod_powder_01a.fbx using Guid(90aa71f5e770f204599d5838b0a54704) Importer(815301076,1909f56bfc062723c751e8b465ee728b)  -> (artifact id: 'c2ecea0e712caa6a617b00551666983a') in 0.049220 seconds
Number of updated asset objects reloaded before import = 0
Number of asset objects unloaded after import = 21
========================================================================
Received Import Request.
  Time since last request: 0.000021 seconds.
  path: Assets/EmaceArt/Slavic World Free/Resources/LOD3/EA_Items_House_bowl_metal_01c.fbx
  artifactKey: Guid(bb6405d0387f01a49a96a321a75e3ab9) Importer(815301076,1909f56bfc062723c751e8b465ee728b)
Start importing Assets/EmaceArt/Slavic World Free/Resources/LOD3/EA_Items_House_bowl_metal_01c.fbx using Guid(bb6405d0387f01a49a96a321a75e3ab9) Importer(815301076,1909f56bfc062723c751e8b465ee728b)  -> (artifact id: 'f37d4866c9b5feedfa7fc6be962de254') in 0.047774 seconds
Number of updated asset objects reloaded before import = 0
Number of asset objects unloaded after import = 21
========================================================================
Received Import Request.
  Time since last request: 0.000029 seconds.
  path: Assets/EmaceArt/Slavic World Free/Resources/LOD3/EA03_Village_Hut_Foundation_02b.fbx
  artifactKey: Guid(a39e54eda47beb84daec65dffc50bd71) Importer(815301076,1909f56bfc062723c751e8b465ee728b)
Start importing Assets/EmaceArt/Slavic World Free/Resources/LOD3/EA03_Village_Hut_Foundation_02b.fbx using Guid(a39e54eda47beb84daec65dffc50bd71) Importer(815301076,1909f56bfc062723c751e8b465ee728b)  -> (artifact id: 'c576b7feb51bd45f261e822f193c83f0') in 0.049973 seconds
Number of updated asset objects reloaded before import = 0
Number of asset objects unloaded after import = 21
========================================================================
Received Import Request.
  Time since last request: 0.143958 seconds.
  path: Assets/EmaceArt/Slavic World Free/Resources/LOD3/EA03_Prop_Village_Ladder_02a.fbx
  artifactKey: Guid(65eda0c3b934409488f4868dba95a65f) Importer(815301076,1909f56bfc062723c751e8b465ee728b)
Start importing Assets/EmaceArt/Slavic World Free/Resources/LOD3/EA03_Prop_Village_Ladder_02a.fbx using Guid(65eda0c3b934409488f4868dba95a65f) Importer(815301076,1909f56bfc062723c751e8b465ee728b)  -> (artifact id: '4ff46b3b2453214501c4588ea183d0e2') in 0.046535 seconds
Number of updated asset objects reloaded before import = 0
Number of asset objects unloaded after import = 21
========================================================================
Received Import Request.
  Time since last request: 0.000102 seconds.
  path: Assets/EmaceArt/Slavic World Free/Resources/LOD3/EA03_Prop_Town_Bench_01a.fbx
  artifactKey: Guid(1fbffa5408e364f4f81ae10cf69ba3cd) Importer(815301076,1909f56bfc062723c751e8b465ee728b)
Start importing Assets/EmaceArt/Slavic World Free/Resources/LOD3/EA03_Prop_Town_Bench_01a.fbx using Guid(1fbffa5408e364f4f81ae10cf69ba3cd) Importer(815301076,1909f56bfc062723c751e8b465ee728b)  -> (artifact id: '9773a0a09ffd6d61cf49ebb8bb09e53b') in 0.048766 seconds
Number of updated asset objects reloaded before import = 0
Number of asset objects unloaded after import = 21
========================================================================
Received Import Request.
  Time since last request: 0.146111 seconds.
  path: Assets/EmaceArt/Slavic World Free/Resources/LOD3/EA03_Prop_Town_AnimalSkin_01b.fbx
  artifactKey: Guid(17c165cd03e14754583367f8b65896a5) Importer(815301076,1909f56bfc062723c751e8b465ee728b)
Start importing Assets/EmaceArt/Slavic World Free/Resources/LOD3/EA03_Prop_Town_AnimalSkin_01b.fbx using Guid(17c165cd03e14754583367f8b65896a5) Importer(815301076,1909f56bfc062723c751e8b465ee728b)  -> (artifact id: 'cf8e87d9f536a229547dd2d9635cfbea') in 0.051146 seconds
Number of updated asset objects reloaded before import = 0
Number of asset objects unloaded after import = 21
========================================================================
Received Import Request.
  Time since last request: 0.000020 seconds.
  path: Assets/EmaceArt/Slavic World Free/Resources/LOD4/EA03_Village_Hut_Roof_01c.fbx
  artifactKey: Guid(daf83e804cfa0774485b988b53c5098e) Importer(815301076,1909f56bfc062723c751e8b465ee728b)
Start importing Assets/EmaceArt/Slavic World Free/Resources/LOD4/EA03_Village_Hut_Roof_01c.fbx using Guid(daf83e804cfa0774485b988b53c5098e) Importer(815301076,1909f56bfc062723c751e8b465ee728b)  -> (artifact id: '91896d6927329ffbd6ee8e74982fc30a') in 0.060862 seconds
Number of updated asset objects reloaded before import = 0
Number of asset objects unloaded after import = 26
========================================================================
Received Import Request.
  Time since last request: 0.000028 seconds.
  path: Assets/EmaceArt/Slavic World Free/Resources/LOD4/EA03_Town_Building_Administrative _01a.fbx
  artifactKey: Guid(8c06a8469c34d86469295b9327c93b4e) Importer(815301076,1909f56bfc062723c751e8b465ee728b)
Start importing Assets/EmaceArt/Slavic World Free/Resources/LOD4/EA03_Town_Building_Administrative _01a.fbx using Guid(8c06a8469c34d86469295b9327c93b4e) Importer(815301076,1909f56bfc062723c751e8b465ee728b)  -> (artifact id: '53e6a32dbc59c1b59166a765f7e29ba7') in 0.071749 seconds
Number of updated asset objects reloaded before import = 0
Number of asset objects unloaded after import = 26
========================================================================
Received Import Request.
  Time since last request: 0.086787 seconds.
  path: Assets/EmaceArt/Slavic World Free/Resources/LOD4/EA03_Village_HouseModule_Porch_01d.fbx
  artifactKey: Guid(52cab7cee1fd76b45b7ae4782200d5da) Importer(815301076,1909f56bfc062723c751e8b465ee728b)
Start importing Assets/EmaceArt/Slavic World Free/Resources/LOD4/EA03_Village_HouseModule_Porch_01d.fbx using Guid(52cab7cee1fd76b45b7ae4782200d5da) Importer(815301076,1909f56bfc062723c751e8b465ee728b)  -> (artifact id: '89e402182ef05ba5d238cee9fcba4790') in 0.055995 seconds
Number of updated asset objects reloaded before import = 0
Number of asset objects unloaded after import = 26
========================================================================
Received Import Request.
  Time since last request: 0.000028 seconds.
  path: Assets/EmaceArt/Slavic World Free/Resources/LOD4/EA03_Village_Balcony_R_01a.fbx
  artifactKey: Guid(3cdab808e659dab48a77f94903885475) Importer(815301076,1909f56bfc062723c751e8b465ee728b)
Start importing Assets/EmaceArt/Slavic World Free/Resources/LOD4/EA03_Village_Balcony_R_01a.fbx using Guid(3cdab808e659dab48a77f94903885475) Importer(815301076,1909f56bfc062723c751e8b465ee728b)  -> (artifact id: '252e32e3fcde086c8c5d5e3575140454') in 0.062539 seconds
Number of updated asset objects reloaded before import = 0
Number of asset objects unloaded after import = 26
========================================================================
Received Import Request.
  Time since last request: 0.000028 seconds.
  path: Assets/EmaceArt/Slavic World Free/Resources/LOD4/EA03_Prop_House_Shutter_01e.fbx
  artifactKey: Guid(3f5532580310a2d459f769441f1c781b) Importer(815301076,1909f56bfc062723c751e8b465ee728b)
Start importing Assets/EmaceArt/Slavic World Free/Resources/LOD4/EA03_Prop_House_Shutter_01e.fbx using Guid(3f5532580310a2d459f769441f1c781b) Importer(815301076,1909f56bfc062723c751e8b465ee728b)  -> (artifact id: 'd67884112774356338a1e17e54a8bd38') in 0.055867 seconds
Number of updated asset objects reloaded before import = 0
Number of asset objects unloaded after import = 26
========================================================================
Received Import Request.
  Time since last request: 0.092362 seconds.
  path: Assets/EmaceArt/Slavic World Free/Resources/LOD3/EA_Items_House_spoon_wooden_03.fbx
  artifactKey: Guid(f5ec718ca794918469b599f90e27fe2d) Importer(815301076,1909f56bfc062723c751e8b465ee728b)
Start importing Assets/EmaceArt/Slavic World Free/Resources/LOD3/EA_Items_House_spoon_wooden_03.fbx using Guid(f5ec718ca794918469b599f90e27fe2d) Importer(815301076,1909f56bfc062723c751e8b465ee728b)  -> (artifact id: '36ac73a46faa8a1f49a7abf613018542') in 0.047044 seconds
Number of updated asset objects reloaded before import = 0
Number of asset objects unloaded after import = 21
========================================================================
Received Import Request.
  Time since last request: 0.000018 seconds.
  path: Assets/EmaceArt/Slavic World Free/Resources/LOD3/EA_Items_House_spoon_wooden_02.fbx
  artifactKey: Guid(c372d80c3e97e7f48ba4c4482af5b13c) Importer(815301076,1909f56bfc062723c751e8b465ee728b)
Start importing Assets/EmaceArt/Slavic World Free/Resources/LOD3/EA_Items_House_spoon_wooden_02.fbx using Guid(c372d80c3e97e7f48ba4c4482af5b13c) Importer(815301076,1909f56bfc062723c751e8b465ee728b)  -> (artifact id: '6a5006387f23f6d3683445a2826f36f0') in 0.050154 seconds
Number of updated asset objects reloaded before import = 0
Number of asset objects unloaded after import = 21
========================================================================
Received Import Request.
  Time since last request: 0.190183 seconds.
  path: Assets/EmaceArt/Slavic World Free/Resources/LOD3/EA_Items_House_mug_01b.fbx
  artifactKey: Guid(9ed8f0123ad60624e87f3ddcd0949986) Importer(815301076,1909f56bfc062723c751e8b465ee728b)
Start importing Assets/EmaceArt/Slavic World Free/Resources/LOD3/EA_Items_House_mug_01b.fbx using Guid(9ed8f0123ad60624e87f3ddcd0949986) Importer(815301076,1909f56bfc062723c751e8b465ee728b)  -> (artifact id: 'e28497608dc9c8c6dc607a167fa60f5e') in 0.048881 seconds
Number of updated asset objects reloaded before import = 0
Number of asset objects unloaded after import = 21
========================================================================
Received Import Request.
  Time since last request: 0.243687 seconds.
  path: Assets/EmaceArt/Slavic World Free/Resources/LOD4/EA03_Village_Hut_Wall_Painted_Side_02c.fbx
  artifactKey: Guid(0941fc100f37a6b4babe0bc7ec19a532) Importer(815301076,1909f56bfc062723c751e8b465ee728b)
Start importing Assets/EmaceArt/Slavic World Free/Resources/LOD4/EA03_Village_Hut_Wall_Painted_Side_02c.fbx using Guid(0941fc100f37a6b4babe0bc7ec19a532) Importer(815301076,1909f56bfc062723c751e8b465ee728b)  -> (artifact id: '135fa57be32484f78bf32eb6511b57f2') in 0.051999 seconds
Number of updated asset objects reloaded before import = 0
Number of asset objects unloaded after import = 26
========================================================================
Received Import Request.
  Time since last request: 0.261038 seconds.
  path: Assets/EmaceArt/Slavic World Free/Resources/LOD3/EA03_Nature_Tree_06b.fbx
  artifactKey: Guid(2a1270078acdb914ab779a3bde9f983c) Importer(815301076,1909f56bfc062723c751e8b465ee728b)
Start importing Assets/EmaceArt/Slavic World Free/Resources/LOD3/EA03_Nature_Tree_06b.fbx using Guid(2a1270078acdb914ab779a3bde9f983c) Importer(815301076,1909f56bfc062723c751e8b465ee728b)  -> (artifact id: '9678d3e3106bc54a483200de7677db46') in 0.050722 seconds
Number of updated asset objects reloaded before import = 0
Number of asset objects unloaded after import = 21
========================================================================
Received Import Request.
  Time since last request: 0.216483 seconds.
  path: Assets/EmaceArt/Slavic World Free/Resources/LOD4/EA03_Village_Hut_Wall_Desk_02a.fbx
  artifactKey: Guid(54ccb70bd724031409b5de99828ad0b7) Importer(815301076,1909f56bfc062723c751e8b465ee728b)
Start importing Assets/EmaceArt/Slavic World Free/Resources/LOD4/EA03_Village_Hut_Wall_Desk_02a.fbx using Guid(54ccb70bd724031409b5de99828ad0b7) Importer(815301076,1909f56bfc062723c751e8b465ee728b)  -> (artifact id: '68784dfd6101a49e9421c88c75687446') in 0.058557 seconds
Number of updated asset objects reloaded before import = 0
Number of asset objects unloaded after import = 26
========================================================================
Received Import Request.
  Time since last request: 0.171779 seconds.
  path: Assets/EmaceArt/Slavic World Free/Resources/LOD4/EA03_Village_Hut_Wall_Front_02d.fbx
  artifactKey: Guid(13bb0042dbcee09478650939e9f2d958) Importer(815301076,1909f56bfc062723c751e8b465ee728b)
Start importing Assets/EmaceArt/Slavic World Free/Resources/LOD4/EA03_Village_Hut_Wall_Front_02d.fbx using Guid(13bb0042dbcee09478650939e9f2d958) Importer(815301076,1909f56bfc062723c751e8b465ee728b)  -> (artifact id: '435f79f6a71f2ecb2107260d94373960') in 0.054354 seconds
Number of updated asset objects reloaded before import = 0
Number of asset objects unloaded after import = 21
========================================================================
Received Import Request.
  Time since last request: 0.239185 seconds.
  path: Assets/EmaceArt/Slavic World Free/Resources/LOD4/EA03_Village_Hut_Wall_Front_03f.fbx
  artifactKey: Guid(2d16253b9a07ac146b50e2fa3d8ff286) Importer(815301076,1909f56bfc062723c751e8b465ee728b)
Start importing Assets/EmaceArt/Slavic World Free/Resources/LOD4/EA03_Village_Hut_Wall_Front_03f.fbx using Guid(2d16253b9a07ac146b50e2fa3d8ff286) Importer(815301076,1909f56bfc062723c751e8b465ee728b)  -> (artifact id: '8295c5c5f02e0654fdbc3bdaeb36ab11') in 0.060590 seconds
Number of updated asset objects reloaded before import = 0
Number of asset objects unloaded after import = 21
Editor requested this worker to shutdown with reason: Scaling down because of idle timeout
TcpMessagingSession - receive error: operation aborted. errorcode: 995, details: The I/O operation has been aborted because of either a thread exit or an application request.
AssetImportWorker is now disconnected from the server
Process exiting
Exiting without the bug reporter. Application will terminate with return code 0